[2024-03-28 19:35:53] local.ERROR: Unable to start server. Port 2019 is already in use. {"exception":"[object] (InvalidArgumentException(code: 0): Unable to start server. Port 2019 is already in use. at /app/public/vendor/laravel/octane/src/Commands/StartFrankenPhpCommand.php:137)
[stacktrace]
#0 /app/public/vendor/laravel/octane/src/Commands/StartFrankenPhpCommand.php(62): Laravel\\Octane\\Commands\\StartFrankenPhpCommand->ensurePortIsAvailable()
#1 /app/public/vendor/laravel/framework/src/Illuminate/Container/BoundMethod.php(36): Laravel\\Octane\\Commands\\StartFrankenPhpCommand->handle(Object(Laravel\\Octane\\FrankenPhp\\ServerProcessInspector), Object(Laravel\\Octane\\FrankenPhp\\ServerStateFile))
#2 /app/public/vendor/laravel/framework/src/Illuminate/Container/Util.php(41): Illuminate\\Container\\BoundMethod::Illuminate\\Container\\{closure}()
#3 /app/public/vendor/laravel/framework/src/Illuminate/Container/BoundMethod.php(93): Illuminate\\Container\\Util::unwrapIfClosure(Object(Closure))
#4 /app/public/vendor/laravel/framework/src/Illuminate/Container/BoundMethod.php(35): Illuminate\\Container\\BoundMethod::callBoundMethod(Object(Illuminate\\Foundation\\Application), Array, Object(Closure))
#5 /app/public/vendor/laravel/framework/src/Illuminate/Container/Container.php(662): Illuminate\\Container\\BoundMethod::call(Object(Illuminate\\Foundation\\Application), Array, Array, NULL)
#6 /app/public/vendor/laravel/framework/src/Illuminate/Console/Command.php(211): Illuminate\\Container\\Container->call(Array)
#7 /app/public/vendor/symfony/console/Command/Command.php(326): Illuminate\\Console\\Command->execute(Object(Symfony\\Component\\Console\\Input\\ArgvInput), Object(Illuminate\\Console\\OutputStyle))
#8 /app/public/vendor/laravel/framework/src/Illuminate/Console/Command.php(180): Symfony\\Component\\Console\\Command\\Command->run(Object(Symfony\\Component\\Console\\Input\\ArgvInput), Object(Illuminate\\Console\\OutputStyle))
#9 /app/public/vendor/symfony/console/Application.php(1096): Illuminate\\Console\\Command->run(Object(Symfony\\Component\\Console\\Input\\ArgvInput), Object(Symfony\\Component\\Console\\Output\\ConsoleOutput))
#10 /app/public/vendor/symfony/console/Application.php(324): Symfony\\Component\\Console\\Application->doRunCommand(Object(Laravel\\Octane\\Commands\\StartFrankenPhpCommand), Object(Symfony\\Component\\Console\\Input\\ArgvInput), Object(Symfony\\Component\\Console\\Output\\ConsoleOutput))
#11 /app/public/vendor/symfony/console/Application.php(175): Symfony\\Component\\Console\\Application->doRun(Object(Symfony\\Component\\Console\\Input\\ArgvInput), Object(Symfony\\Component\\Console\\Output\\ConsoleOutput))
#12 /app/public/vendor/laravel/framework/src/Illuminate/Foundation/Console/Kernel.php(201): Symfony\\Component\\Console\\Application->run(Object(Symfony\\Component\\Console\\Input\\ArgvInput), Object(Symfony\\Component\\Console\\Output\\ConsoleOutput))
#13 /app/public/artisan(35): Illuminate\\Foundation\\Console\\Kernel->handle(Object(Symfony\\Component\\Console\\Input\\ArgvInput), Object(Symfony\\Component\\Console\\Output\\ConsoleOutput))
#14 {main}
"} 
[2024-03-28 19:36:18] local.ERROR: Unable to determine admin port. Please specify the [--admin-port] option. {"exception":"[object] (InvalidArgumentException(code: 0): Unable to determine admin port. Please specify the [--admin-port] option. at /app/public/vendor/laravel/octane/src/Commands/StartFrankenPhpCommand.php:234)
[stacktrace]
#0 /app/public/vendor/laravel/framework/src/Illuminate/Support/helpers.php(307): Laravel\\Octane\\Commands\\StartFrankenPhpCommand->Laravel\\Octane\\Commands\\{closure}(-3981)
#1 /app/public/vendor/laravel/octane/src/Commands/StartFrankenPhpCommand.php(232): tap(-3981, Object(Closure))
#2 /app/public/vendor/laravel/octane/src/Commands/StartFrankenPhpCommand.php(124): Laravel\\Octane\\Commands\\StartFrankenPhpCommand->adminPort()
#3 /app/public/vendor/laravel/octane/src/Commands/StartFrankenPhpCommand.php(62): Laravel\\Octane\\Commands\\StartFrankenPhpCommand->ensurePortIsAvailable()
#4 /app/public/vendor/laravel/framework/src/Illuminate/Container/BoundMethod.php(36): Laravel\\Octane\\Commands\\StartFrankenPhpCommand->handle(Object(Laravel\\Octane\\FrankenPhp\\ServerProcessInspector), Object(Laravel\\Octane\\FrankenPhp\\ServerStateFile))
#5 /app/public/vendor/laravel/framework/src/Illuminate/Container/Util.php(41): Illuminate\\Container\\BoundMethod::Illuminate\\Container\\{closure}()
#6 /app/public/vendor/laravel/framework/src/Illuminate/Container/BoundMethod.php(93): Illuminate\\Container\\Util::unwrapIfClosure(Object(Closure))
#7 /app/public/vendor/laravel/framework/src/Illuminate/Container/BoundMethod.php(35): Illuminate\\Container\\BoundMethod::callBoundMethod(Object(Illuminate\\Foundation\\Application), Array, Object(Closure))
#8 /app/public/vendor/laravel/framework/src/Illuminate/Container/Container.php(662): Illuminate\\Container\\BoundMethod::call(Object(Illuminate\\Foundation\\Application), Array, Array, NULL)
#9 /app/public/vendor/laravel/framework/src/Illuminate/Console/Command.php(211): Illuminate\\Container\\Container->call(Array)
#10 /app/public/vendor/symfony/console/Command/Command.php(326): Illuminate\\Console\\Command->execute(Object(Symfony\\Component\\Console\\Input\\ArgvInput), Object(Illuminate\\Console\\OutputStyle))
#11 /app/public/vendor/laravel/framework/src/Illuminate/Console/Command.php(180): Symfony\\Component\\Console\\Command\\Command->run(Object(Symfony\\Component\\Console\\Input\\ArgvInput), Object(Illuminate\\Console\\OutputStyle))
#12 /app/public/vendor/symfony/console/Application.php(1096): Illuminate\\Console\\Command->run(Object(Symfony\\Component\\Console\\Input\\ArgvInput), Object(Symfony\\Component\\Console\\Output\\ConsoleOutput))
#13 /app/public/vendor/symfony/console/Application.php(324): Symfony\\Component\\Console\\Application->doRunCommand(Object(Laravel\\Octane\\Commands\\StartFrankenPhpCommand), Object(Symfony\\Component\\Console\\Input\\ArgvInput), Object(Symfony\\Component\\Console\\Output\\ConsoleOutput))
#14 /app/public/vendor/symfony/console/Application.php(175): Symfony\\Component\\Console\\Application->doRun(Object(Symfony\\Component\\Console\\Input\\ArgvInput), Object(Symfony\\Component\\Console\\Output\\ConsoleOutput))
#15 /app/public/vendor/laravel/framework/src/Illuminate/Foundation/Console/Kernel.php(201): Symfony\\Component\\Console\\Application->run(Object(Symfony\\Component\\Console\\Input\\ArgvInput), Object(Symfony\\Component\\Console\\Output\\ConsoleOutput))
#16 /app/public/artisan(35): Illuminate\\Foundation\\Console\\Kernel->handle(Object(Symfony\\Component\\Console\\Input\\ArgvInput), Object(Symfony\\Component\\Console\\Output\\ConsoleOutput))
#17 {main}
"} 
[2024-03-28 19:44:39] local.ERROR: Unable to start server. Port 2019 is already in use. {"exception":"[object] (InvalidArgumentException(code: 0): Unable to start server. Port 2019 is already in use. at /app/public/vendor/laravel/octane/src/Commands/StartFrankenPhpCommand.php:137)
[stacktrace]
#0 /app/public/vendor/laravel/octane/src/Commands/StartFrankenPhpCommand.php(62): Laravel\\Octane\\Commands\\StartFrankenPhpCommand->ensurePortIsAvailable()
#1 /app/public/vendor/laravel/framework/src/Illuminate/Container/BoundMethod.php(36): Laravel\\Octane\\Commands\\StartFrankenPhpCommand->handle(Object(Laravel\\Octane\\FrankenPhp\\ServerProcessInspector), Object(Laravel\\Octane\\FrankenPhp\\ServerStateFile))
#2 /app/public/vendor/laravel/framework/src/Illuminate/Container/Util.php(41): Illuminate\\Container\\BoundMethod::Illuminate\\Container\\{closure}()
#3 /app/public/vendor/laravel/framework/src/Illuminate/Container/BoundMethod.php(93): Illuminate\\Container\\Util::unwrapIfClosure(Object(Closure))
#4 /app/public/vendor/laravel/framework/src/Illuminate/Container/BoundMethod.php(35): Illuminate\\Container\\BoundMethod::callBoundMethod(Object(Illuminate\\Foundation\\Application), Array, Object(Closure))
#5 /app/public/vendor/laravel/framework/src/Illuminate/Container/Container.php(662): Illuminate\\Container\\BoundMethod::call(Object(Illuminate\\Foundation\\Application), Array, Array, NULL)
#6 /app/public/vendor/laravel/framework/src/Illuminate/Console/Command.php(211): Illuminate\\Container\\Container->call(Array)
#7 /app/public/vendor/symfony/console/Command/Command.php(326): Illuminate\\Console\\Command->execute(Object(Symfony\\Component\\Console\\Input\\ArrayInput), Object(Illuminate\\Console\\OutputStyle))
#8 /app/public/vendor/laravel/framework/src/Illuminate/Console/Command.php(180): Symfony\\Component\\Console\\Command\\Command->run(Object(Symfony\\Component\\Console\\Input\\ArrayInput), Object(Illuminate\\Console\\OutputStyle))
#9 /app/public/vendor/laravel/framework/src/Illuminate/Console/Concerns/CallsCommands.php(67): Illuminate\\Console\\Command->run(Object(Symfony\\Component\\Console\\Input\\ArrayInput), Object(Illuminate\\Console\\OutputStyle))
#10 /app/public/vendor/laravel/framework/src/Illuminate/Console/Concerns/CallsCommands.php(28): Illuminate\\Console\\Command->runCommand('octane:frankenp...', Array, Object(Illuminate\\Console\\OutputStyle))
#11 /app/public/vendor/laravel/octane/src/Commands/StartCommand.php(106): Illuminate\\Console\\Command->call('octane:frankenp...', Array)
#12 /app/public/vendor/laravel/octane/src/Commands/StartCommand.php(55): Laravel\\Octane\\Commands\\StartCommand->startFrankenPhpServer()
#13 /app/public/vendor/laravel/framework/src/Illuminate/Container/BoundMethod.php(36): Laravel\\Octane\\Commands\\StartCommand->handle()
#14 /app/public/vendor/laravel/framework/src/Illuminate/Container/Util.php(41): Illuminate\\Container\\BoundMethod::Illuminate\\Container\\{closure}()
#15 /app/public/vendor/laravel/framework/src/Illuminate/Container/BoundMethod.php(93): Illuminate\\Container\\Util::unwrapIfClosure(Object(Closure))
#16 /app/public/vendor/laravel/framework/src/Illuminate/Container/BoundMethod.php(35): Illuminate\\Container\\BoundMethod::callBoundMethod(Object(Illuminate\\Foundation\\Application), Array, Object(Closure))
#17 /app/public/vendor/laravel/framework/src/Illuminate/Container/Container.php(662): Illuminate\\Container\\BoundMethod::call(Object(Illuminate\\Foundation\\Application), Array, Array, NULL)
#18 /app/public/vendor/laravel/framework/src/Illuminate/Console/Command.php(211): Illuminate\\Container\\Container->call(Array)
#19 /app/public/vendor/symfony/console/Command/Command.php(326): Illuminate\\Console\\Command->execute(Object(Symfony\\Component\\Console\\Input\\ArgvInput), Object(Illuminate\\Console\\OutputStyle))
#20 /app/public/vendor/laravel/framework/src/Illuminate/Console/Command.php(180): Symfony\\Component\\Console\\Command\\Command->run(Object(Symfony\\Component\\Console\\Input\\ArgvInput), Object(Illuminate\\Console\\OutputStyle))
#21 /app/public/vendor/symfony/console/Application.php(1096): Illuminate\\Console\\Command->run(Object(Symfony\\Component\\Console\\Input\\ArgvInput), Object(Symfony\\Component\\Console\\Output\\ConsoleOutput))
#22 /app/public/vendor/symfony/console/Application.php(324): Symfony\\Component\\Console\\Application->doRunCommand(Object(Laravel\\Octane\\Commands\\StartCommand), Object(Symfony\\Component\\Console\\Input\\ArgvInput), Object(Symfony\\Component\\Console\\Output\\ConsoleOutput))
#23 /app/public/vendor/symfony/console/Application.php(175): Symfony\\Component\\Console\\Application->doRun(Object(Symfony\\Component\\Console\\Input\\ArgvInput), Object(Symfony\\Component\\Console\\Output\\ConsoleOutput))
#24 /app/public/vendor/laravel/framework/src/Illuminate/Foundation/Console/Kernel.php(201): Symfony\\Component\\Console\\Application->run(Object(Symfony\\Component\\Console\\Input\\ArgvInput), Object(Symfony\\Component\\Console\\Output\\ConsoleOutput))
#25 /app/public/artisan(35): Illuminate\\Foundation\\Console\\Kernel->handle(Object(Symfony\\Component\\Console\\Input\\ArgvInput), Object(Symfony\\Component\\Console\\Output\\ConsoleOutput))
#26 {main}
"} 
[2024-03-28 19:49:50] local.ERROR: Command "octane:staus" is not defined.

Did you mean one of these?
    migrate:status
    octane:install
    octane:reload
    octane:start
    octane:status
    octane:stop {"exception":"[object] (Symfony\\Component\\Console\\Exception\\CommandNotFoundException(code: 0): Command \"octane:staus\" is not defined.

Did you mean one of these?
    migrate:status
    octane:install
    octane:reload
    octane:start
    octane:status
    octane:stop at /app/vendor/symfony/console/Application.php:737)
[stacktrace]
#0 /app/vendor/symfony/console/Application.php(266): Symfony\\Component\\Console\\Application->find('octane:staus')
#1 /app/vendor/symfony/console/Application.php(175): Symfony\\Component\\Console\\Application->doRun(Object(Symfony\\Component\\Console\\Input\\ArgvInput), Object(Symfony\\Component\\Console\\Output\\ConsoleOutput))
#2 /app/vendor/laravel/framework/src/Illuminate/Foundation/Console/Kernel.php(201): Symfony\\Component\\Console\\Application->run(Object(Symfony\\Component\\Console\\Input\\ArgvInput), Object(Symfony\\Component\\Console\\Output\\ConsoleOutput))
#3 /app/artisan(35): Illuminate\\Foundation\\Console\\Kernel->handle(Object(Symfony\\Component\\Console\\Input\\ArgvInput), Object(Symfony\\Component\\Console\\Output\\ConsoleOutput))
#4 {main}
"} 
[2024-03-28 19:54:13] local.ERROR: Command "server" is not defined.

Did you mean one of these?
    make:observer
    serve {"exception":"[object] (Symfony\\Component\\Console\\Exception\\CommandNotFoundException(code: 0): Command \"server\" is not defined.

Did you mean one of these?
    make:observer
    serve at C:\\Users\\Sabbir\\OneDrive\\Desktop\\Working Directory\\hms\\vendor\\symfony\\console\\Application.php:737)
[stacktrace]
#0 C:\\Users\\Sabbir\\OneDrive\\Desktop\\Working Directory\\hms\\vendor\\symfony\\console\\Application.php(266): Symfony\\Component\\Console\\Application->find()
#1 C:\\Users\\Sabbir\\OneDrive\\Desktop\\Working Directory\\hms\\vendor\\symfony\\console\\Application.php(175): Symfony\\Component\\Console\\Application->doRun()
#2 C:\\Users\\Sabbir\\OneDrive\\Desktop\\Working Directory\\hms\\vendor\\laravel\\framework\\src\\Illuminate\\Foundation\\Console\\Kernel.php(201): Symfony\\Component\\Console\\Application->run()
#3 C:\\Users\\Sabbir\\OneDrive\\Desktop\\Working Directory\\hms\\artisan(35): Illuminate\\Foundation\\Console\\Kernel->handle()
#4 {main}
"} 
[2024-03-28 20:47:10] production.ERROR: Maximum execution time of 30 seconds exceeded {"exception":"[object] (Symfony\\Component\\ErrorHandler\\Error\\FatalError(code: 0): Maximum execution time of 30 seconds exceeded at /app/vendor/laravel/framework/src/Illuminate/Database/DatabaseTransactionsManager.php:37)
[stacktrace]
#0 {main}
"} 
